[35m[1mScanning dependencies of target _fkie_multimaster_msgs_generate_messages_check_deps_LoadLaunch[0m
[35m[1mScanning dependencies of target fkie_multimaster_msgs_GRPC[0m
[35m[1mScanning dependencies of target _fkie_multimaster_msgs_generate_messages_check_deps_LinkState[0m
[35m[1mScanning dependencies of target std_msgs_generate_messages_lisp[0m
[  1%] [34m[1mGenerating /home/itron/refactored-pancake/catkin_ws/devel/.private/fkie_multimaster_msgs/lib/python3/dist-packages/fkie_multimaster_msgs/grpc/version.proto[0m
[  1%] Built target std_msgs_generate_messages_lisp
[35m[1mScanning dependencies of target _fkie_multimaster_msgs_generate_messages_check_deps_LinkStatesStamped[0m
[  2%] [34m[1mcreate directory for generated gRPC code: /home/itron/refactored-pancake/catkin_ws/src/multimaster/fkie_multimaster_msgs[0m
[  2%] Built target _fkie_multimaster_msgs_generate_messages_check_deps_LoadLaunch
[  2%] Built target _fkie_multimaster_msgs_generate_messages_check_deps_LinkState
[  3%] [34m[1mGenerating /home/itron/refactored-pancake/catkin_ws/devel/.private/fkie_multimaster_msgs/lib/python3/dist-packages/fkie_multimaster_msgs/grpc/file.proto[0m
[35m[1mScanning dependencies of target _fkie_multimaster_msgs_generate_messages_check_deps_Task[0m
[35m[1mScanning dependencies of target _fkie_multimaster_msgs_generate_messages_check_deps_MasterState[0m
[  3%] Built target _fkie_multimaster_msgs_generate_messages_check_deps_LinkStatesStamped
[35m[1mScanning dependencies of target _fkie_multimaster_msgs_generate_messages_check_deps_SyncMasterInfo[0m
[  5%] [34m[1mGenerating /home/itron/refactored-pancake/catkin_ws/devel/.private/fkie_multimaster_msgs/lib/python3/dist-packages/fkie_multimaster_msgs/grpc/launch.proto[0m
[  6%] [34m[1mGenerating /home/itron/refactored-pancake/catkin_ws/devel/.private/fkie_multimaster_msgs/lib/python3/dist-packages/fkie_multimaster_msgs/grpc/monitor.proto[0m
[  6%] Built target _fkie_multimaster_msgs_generate_messages_check_deps_Task
[  6%] Built target _fkie_multimaster_msgs_generate_messages_check_deps_MasterState
[35m[1mScanning dependencies of target _fkie_multimaster_msgs_generate_messages_check_deps_SyncServiceInfo[0m
[35m[1mScanning dependencies of target _fkie_multimaster_msgs_generate_messages_check_deps_SyncTopicInfo[0m
[  7%] [34m[1mGenerating /home/itron/refactored-pancake/catkin_ws/devel/.private/fkie_multimaster_msgs/lib/python3/dist-packages/fkie_multimaster_msgs/grpc/screen.proto[0m
[  7%] Built target _fkie_multimaster_msgs_generate_messages_check_deps_SyncMasterInfo
[35m[1mScanning dependencies of target _fkie_multimaster_msgs_generate_messages_check_deps_DiscoverMasters[0m
[  8%] [34m[1mGenerating /home/itron/refactored-pancake/catkin_ws/devel/.private/fkie_multimaster_msgs/lib/python3/dist-packages/fkie_multimaster_msgs/grpc/settings.proto[0m
[ 10%] [34m[1mGenerating /home/itron/refactored-pancake/catkin_ws/devel/.private/fkie_multimaster_msgs/lib/python3/dist-packages/fkie_multimaster_msgs/grpc/version_pb2.py[0m
[ 10%] Built target _fkie_multimaster_msgs_generate_messages_check_deps_SyncServiceInfo
[ 10%] Built target _fkie_multimaster_msgs_generate_messages_check_deps_SyncTopicInfo
[35m[1mScanning dependencies of target _fkie_multimaster_msgs_generate_messages_check_deps_GetSyncInfo[0m
[35m[1mScanning dependencies of target _fkie_multimaster_msgs_generate_messages_check_deps_ROSMaster[0m
[ 10%] Built target _fkie_multimaster_msgs_generate_messages_check_deps_DiscoverMasters
[35m[1mScanning dependencies of target std_msgs_generate_messages_py[0m
[ 10%] Built target std_msgs_generate_messages_py
[35m[1mScanning dependencies of target std_msgs_generate_messages_eus[0m
[ 10%] Built target _fkie_multimaster_msgs_generate_messages_check_deps_GetSyncInfo
[ 10%] Built target _fkie_multimaster_msgs_generate_messages_check_deps_ROSMaster
[ 10%] Built target std_msgs_generate_messages_eus
[35m[1mScanning dependencies of target std_msgs_generate_messages_nodejs[0m
[35m[1mScanning dependencies of target std_msgs_generate_messages_cpp[0m
[35m[1mScanning dependencies of target fkie_multimaster_msgs_generate_messages_lisp[0m
[ 10%] Built target std_msgs_generate_messages_nodejs
[ 10%] Built target std_msgs_generate_messages_cpp
[ 11%] [34m[1mGenerating Lisp code from fkie_multimaster_msgs/LinkState.msg[0m
[35m[1mScanning dependencies of target fkie_multimaster_msgs_generate_messages_py[0m
[35m[1mScanning dependencies of target fkie_multimaster_msgs_generate_messages_eus[0m
[ 12%] [34m[1mGenerating Python from MSG fkie_multimaster_msgs/LinkState[0m
[ 14%] [34m[1mGenerating EusLisp code from fkie_multimaster_msgs/LinkState.msg[0m
[ 15%] [34m[1mGenerating Lisp code from fkie_multimaster_msgs/LinkStatesStamped.msg[0m
[ 16%] [34m[1mGenerating EusLisp code from fkie_multimaster_msgs/LinkStatesStamped.msg[0m
[ 17%] [34m[1mGenerating Lisp code from fkie_multimaster_msgs/MasterState.msg[0m
[ 19%] [34m[1mGenerating Lisp code from fkie_multimaster_msgs/ROSMaster.msg[0m
[ 20%] [34m[1mGenerating EusLisp code from fkie_multimaster_msgs/MasterState.msg[0m
[ 21%] [34m[1mGenerating /home/itron/refactored-pancake/catkin_ws/devel/.private/fkie_multimaster_msgs/lib/python3/dist-packages/fkie_multimaster_msgs/grpc/file_pb2.py[0m
[ 23%] [34m[1mGenerating Python from MSG fkie_multimaster_msgs/LinkStatesStamped[0m
[ 24%] [34m[1mGenerating Lisp code from fkie_multimaster_msgs/SyncMasterInfo.msg[0m
[ 25%] [34m[1mGenerating EusLisp code from fkie_multimaster_msgs/ROSMaster.msg[0m
[ 26%] [34m[1mGenerating Lisp code from fkie_multimaster_msgs/SyncServiceInfo.msg[0m
[ 28%] [34m[1mGenerating Lisp code from fkie_multimaster_msgs/SyncTopicInfo.msg[0m
[ 29%] [34m[1mGenerating EusLisp code from fkie_multimaster_msgs/SyncMasterInfo.msg[0m
[ 30%] [34m[1mGenerating Lisp code from fkie_multimaster_msgs/DiscoverMasters.srv[0m
[ 32%] [34m[1mGenerating Python from MSG fkie_multimaster_msgs/MasterState[0m
[ 33%] [34m[1mGenerating /home/itron/refactored-pancake/catkin_ws/devel/.private/fkie_multimaster_msgs/lib/python3/dist-packages/fkie_multimaster_msgs/grpc/launch_pb2.py[0m
[ 34%] [34m[1mGenerating Lisp code from fkie_multimaster_msgs/GetSyncInfo.srv[0m
[ 35%] [34m[1mGenerating EusLisp code from fkie_multimaster_msgs/SyncServiceInfo.msg[0m
[ 37%] [34m[1mGenerating Lisp code from fkie_multimaster_msgs/LoadLaunch.srv[0m
[ 38%] [34m[1mGenerating EusLisp code from fkie_multimaster_msgs/SyncTopicInfo.msg[0m
[ 39%] [34m[1mGenerating Lisp code from fkie_multimaster_msgs/Task.srv[0m
[ 39%] Built target fkie_multimaster_msgs_generate_messages_lisp
[35m[1mScanning dependencies of target fkie_multimaster_msgs_generate_messages_nodejs[0m
[ 41%] [34m[1mGenerating Python from MSG fkie_multimaster_msgs/ROSMaster[0m
[ 42%] [34m[1mGenerating Javascript code from fkie_multimaster_msgs/LinkState.msg[0m
[ 43%] [34m[1mGenerating EusLisp code from fkie_multimaster_msgs/DiscoverMasters.srv[0m
[ 44%] [34m[1mGenerating /home/itron/refactored-pancake/catkin_ws/devel/.private/fkie_multimaster_msgs/lib/python3/dist-packages/fkie_multimaster_msgs/grpc/monitor_pb2.py[0m
[ 46%] [34m[1mGenerating Javascript code from fkie_multimaster_msgs/LinkStatesStamped.msg[0m
[ 47%] [34m[1mGenerating EusLisp code from fkie_multimaster_msgs/GetSyncInfo.srv[0m
[ 48%] [34m[1mGenerating Javascript code from fkie_multimaster_msgs/MasterState.msg[0m
[ 50%] [34m[1mGenerating Javascript code from fkie_multimaster_msgs/ROSMaster.msg[0m
[ 51%] [34m[1mGenerating EusLisp code from fkie_multimaster_msgs/LoadLaunch.srv[0m
[ 52%] [34m[1mGenerating Python from MSG fkie_multimaster_msgs/SyncMasterInfo[0m
[ 53%] [34m[1mGenerating Javascript code from fkie_multimaster_msgs/SyncMasterInfo.msg[0m
[ 55%] [34m[1mGenerating EusLisp code from fkie_multimaster_msgs/Task.srv[0m
[ 56%] [34m[1mGenerating /home/itron/refactored-pancake/catkin_ws/devel/.private/fkie_multimaster_msgs/lib/python3/dist-packages/fkie_multimaster_msgs/grpc/screen_pb2.py[0m
[ 57%] [34m[1mGenerating Javascript code from fkie_multimaster_msgs/SyncServiceInfo.msg[0m
[ 58%] [34m[1mGenerating Javascript code from fkie_multimaster_msgs/SyncTopicInfo.msg[0m
[ 60%] [34m[1mGenerating EusLisp manifest code for fkie_multimaster_msgs[0m
[ 61%] [34m[1mGenerating Python from MSG fkie_multimaster_msgs/SyncServiceInfo[0m
[ 62%] [34m[1mGenerating Javascript code from fkie_multimaster_msgs/DiscoverMasters.srv[0m
[ 64%] [34m[1mGenerating Javascript code from fkie_multimaster_msgs/GetSyncInfo.srv[0m
[ 65%] [34m[1mGenerating Javascript code from fkie_multimaster_msgs/LoadLaunch.srv[0m
[ 66%] [34m[1mGenerating /home/itron/refactored-pancake/catkin_ws/devel/.private/fkie_multimaster_msgs/lib/python3/dist-packages/fkie_multimaster_msgs/grpc/settings_pb2.py[0m
[ 67%] [34m[1mGenerating Javascript code from fkie_multimaster_msgs/Task.srv[0m
[ 69%] [34m[1mGenerating Python from MSG fkie_multimaster_msgs/SyncTopicInfo[0m
[ 69%] Built target fkie_multimaster_msgs_generate_messages_nodejs
[35m[1mScanning dependencies of target fkie_multimaster_msgs_generate_messages_cpp[0m
[ 70%] [34m[1mGenerating C++ code from fkie_multimaster_msgs/LinkState.msg[0m
[ 71%] [34m[1mGenerating /home/itron/refactored-pancake/catkin_ws/devel/.private/fkie_multimaster_msgs/lib/python3/dist-packages/fkie_multimaster_msgs/grpc/version_pb2_grpc.py[0m
[ 73%] [34m[1mGenerating C++ code from fkie_multimaster_msgs/LinkStatesStamped.msg[0m
[ 74%] [34m[1mGenerating Python code from SRV fkie_multimaster_msgs/DiscoverMasters[0m
[ 74%] Built target fkie_multimaster_msgs_generate_messages_eus
[ 75%] [34m[1mGenerating Python code from SRV fkie_multimaster_msgs/GetSyncInfo[0m
[ 76%] [34m[1mGenerating C++ code from fkie_multimaster_msgs/MasterState.msg[0m
[ 78%] [34m[1mGenerating /home/itron/refactored-pancake/catkin_ws/devel/.private/fkie_multimaster_msgs/lib/python3/dist-packages/fkie_multimaster_msgs/grpc/file_pb2_grpc.py[0m
[ 79%] [34m[1mGenerating Python code from SRV fkie_multimaster_msgs/LoadLaunch[0m
[ 80%] [34m[1mGenerating C++ code from fkie_multimaster_msgs/ROSMaster.msg[0m
[ 82%] [34m[1mGenerating /home/itron/refactored-pancake/catkin_ws/devel/.private/fkie_multimaster_msgs/lib/python3/dist-packages/fkie_multimaster_msgs/grpc/launch_pb2_grpc.py[0m
[ 83%] [34m[1mGenerating C++ code from fkie_multimaster_msgs/SyncMasterInfo.msg[0m
[ 84%] [34m[1mGenerating /home/itron/refactored-pancake/catkin_ws/devel/.private/fkie_multimaster_msgs/lib/python3/dist-packages/fkie_multimaster_msgs/grpc/monitor_pb2_grpc.py[0m
[ 85%] [34m[1mGenerating Python code from SRV fkie_multimaster_msgs/Task[0m
[ 87%] [34m[1mGenerating C++ code from fkie_multimaster_msgs/SyncServiceInfo.msg[0m
[ 88%] [34m[1mGenerating /home/itron/refactored-pancake/catkin_ws/devel/.private/fkie_multimaster_msgs/lib/python3/dist-packages/fkie_multimaster_msgs/grpc/screen_pb2_grpc.py[0m
[ 89%] [34m[1mGenerating C++ code from fkie_multimaster_msgs/SyncTopicInfo.msg[0m
[ 91%] [34m[1mGenerating Python msg __init__.py for fkie_multimaster_msgs[0m
[ 92%] [34m[1mGenerating /home/itron/refactored-pancake/catkin_ws/devel/.private/fkie_multimaster_msgs/lib/python3/dist-packages/fkie_multimaster_msgs/grpc/settings_pb2_grpc.py[0m
[ 93%] [34m[1mGenerating C++ code from fkie_multimaster_msgs/DiscoverMasters.srv[0m
[ 94%] [34m[1mGenerating C++ code from fkie_multimaster_msgs/GetSyncInfo.srv[0m
[ 96%] [34m[1mCreate '__init__.py' for generated gRPC module[0m
[ 97%] [34m[1mGenerating Python srv __init__.py for fkie_multimaster_msgs[0m
[ 97%] Built target fkie_multimaster_msgs_GRPC
[ 98%] [34m[1mGenerating C++ code from fkie_multimaster_msgs/LoadLaunch.srv[0m
[100%] [34m[1mGenerating C++ code from fkie_multimaster_msgs/Task.srv[0m
[100%] Built target fkie_multimaster_msgs_generate_messages_py
[100%] Built target fkie_multimaster_msgs_generate_messages_cpp
[35m[1mScanning dependencies of target fkie_multimaster_msgs_generate_messages[0m
[100%] Built target fkie_multimaster_msgs_generate_messages
