Symlinking /home/itron/refactored-pancake/catkin_ws/devel/lib/pkgconfig/fkie_multimaster_msgs.pc
Symlinking /home/itron/refactored-pancake/catkin_ws/devel/lib/python3/dist-packages/fkie_multimaster_msgs/__init__.py
Symlinking /home/itron/refactored-pancake/catkin_ws/devel/lib/python3/dist-packages/fkie_multimaster_msgs/msg/__init__.py
Symlinking /home/itron/refactored-pancake/catkin_ws/devel/lib/python3/dist-packages/fkie_multimaster_msgs/msg/_SyncTopicInfo.py
Symlinking /home/itron/refactored-pancake/catkin_ws/devel/lib/python3/dist-packages/fkie_multimaster_msgs/msg/_MasterState.py
Symlinking /home/itron/refactored-pancake/catkin_ws/devel/lib/python3/dist-packages/fkie_multimaster_msgs/msg/_LinkState.py
Symlinking /home/itron/refactored-pancake/catkin_ws/devel/lib/python3/dist-packages/fkie_multimaster_msgs/msg/_SyncServiceInfo.py
Symlinking /home/itron/refactored-pancake/catkin_ws/devel/lib/python3/dist-packages/fkie_multimaster_msgs/msg/_LinkStatesStamped.py
Symlinking /home/itron/refactored-pancake/catkin_ws/devel/lib/python3/dist-packages/fkie_multimaster_msgs/msg/_ROSMaster.py
Symlinking /home/itron/refactored-pancake/catkin_ws/devel/lib/python3/dist-packages/fkie_multimaster_msgs/msg/_SyncMasterInfo.py
Symlinking /home/itron/refactored-pancake/catkin_ws/devel/lib/python3/dist-packages/fkie_multimaster_msgs/srv/_Task.py
Symlinking /home/itron/refactored-pancake/catkin_ws/devel/lib/python3/dist-packages/fkie_multimaster_msgs/srv/_DiscoverMasters.py
Symlinking /home/itron/refactored-pancake/catkin_ws/devel/lib/python3/dist-packages/fkie_multimaster_msgs/srv/__init__.py
Symlinking /home/itron/refactored-pancake/catkin_ws/devel/lib/python3/dist-packages/fkie_multimaster_msgs/srv/_LoadLaunch.py
Symlinking /home/itron/refactored-pancake/catkin_ws/devel/lib/python3/dist-packages/fkie_multimaster_msgs/srv/_GetSyncInfo.py
Symlinking /home/itron/refactored-pancake/catkin_ws/devel/lib/python3/dist-packages/fkie_multimaster_msgs/grpc/version.proto
Symlinking /home/itron/refactored-pancake/catkin_ws/devel/lib/python3/dist-packages/fkie_multimaster_msgs/grpc/monitor_pb2.py
Symlinking /home/itron/refactored-pancake/catkin_ws/devel/lib/python3/dist-packages/fkie_multimaster_msgs/grpc/settings_pb2.py
Symlinking /home/itron/refactored-pancake/catkin_ws/devel/lib/python3/dist-packages/fkie_multimaster_msgs/grpc/monitor_pb2_grpc.py
Symlinking /home/itron/refactored-pancake/catkin_ws/devel/lib/python3/dist-packages/fkie_multimaster_msgs/grpc/screen.proto
Symlinking /home/itron/refactored-pancake/catkin_ws/devel/lib/python3/dist-packages/fkie_multimaster_msgs/grpc/__init__.py
Symlinking /home/itron/refactored-pancake/catkin_ws/devel/lib/python3/dist-packages/fkie_multimaster_msgs/grpc/version_pb2_grpc.py
Symlinking /home/itron/refactored-pancake/catkin_ws/devel/lib/python3/dist-packages/fkie_multimaster_msgs/grpc/monitor.proto
Symlinking /home/itron/refactored-pancake/catkin_ws/devel/lib/python3/dist-packages/fkie_multimaster_msgs/grpc/screen_pb2_grpc.py
Symlinking /home/itron/refactored-pancake/catkin_ws/devel/lib/python3/dist-packages/fkie_multimaster_msgs/grpc/file_pb2_grpc.py
Symlinking /home/itron/refactored-pancake/catkin_ws/devel/lib/python3/dist-packages/fkie_multimaster_msgs/grpc/settings.proto
Symlinking /home/itron/refactored-pancake/catkin_ws/devel/lib/python3/dist-packages/fkie_multimaster_msgs/grpc/launch_pb2_grpc.py
Symlinking /home/itron/refactored-pancake/catkin_ws/devel/lib/python3/dist-packages/fkie_multimaster_msgs/grpc/settings_pb2_grpc.py
Symlinking /home/itron/refactored-pancake/catkin_ws/devel/lib/python3/dist-packages/fkie_multimaster_msgs/grpc/launch.proto
Symlinking /home/itron/refactored-pancake/catkin_ws/devel/lib/python3/dist-packages/fkie_multimaster_msgs/grpc/launch_pb2.py
Symlinking /home/itron/refactored-pancake/catkin_ws/devel/lib/python3/dist-packages/fkie_multimaster_msgs/grpc/version_pb2.py
Symlinking /home/itron/refactored-pancake/catkin_ws/devel/lib/python3/dist-packages/fkie_multimaster_msgs/grpc/file.proto
Symlinking /home/itron/refactored-pancake/catkin_ws/devel/lib/python3/dist-packages/fkie_multimaster_msgs/grpc/screen_pb2.py
Symlinking /home/itron/refactored-pancake/catkin_ws/devel/lib/python3/dist-packages/fkie_multimaster_msgs/grpc/file_pb2.py
Symlinking /home/itron/refactored-pancake/catkin_ws/devel/share/common-lisp/ros/fkie_multimaster_msgs/msg/ROSMaster.lisp
Symlinking /home/itron/refactored-pancake/catkin_ws/devel/share/common-lisp/ros/fkie_multimaster_msgs/msg/SyncServiceInfo.lisp
Symlinking /home/itron/refactored-pancake/catkin_ws/devel/share/common-lisp/ros/fkie_multimaster_msgs/msg/_package_SyncServiceInfo.lisp
Symlinking /home/itron/refactored-pancake/catkin_ws/devel/share/common-lisp/ros/fkie_multimaster_msgs/msg/SyncTopicInfo.lisp
Symlinking /home/itron/refactored-pancake/catkin_ws/devel/share/common-lisp/ros/fkie_multimaster_msgs/msg/_package_LinkState.lisp
Symlinking /home/itron/refactored-pancake/catkin_ws/devel/share/common-lisp/ros/fkie_multimaster_msgs/msg/_package_LinkStatesStamped.lisp
Symlinking /home/itron/refactored-pancake/catkin_ws/devel/share/common-lisp/ros/fkie_multimaster_msgs/msg/MasterState.lisp
Symlinking /home/itron/refactored-pancake/catkin_ws/devel/share/common-lisp/ros/fkie_multimaster_msgs/msg/_package_SyncTopicInfo.lisp
Symlinking /home/itron/refactored-pancake/catkin_ws/devel/share/common-lisp/ros/fkie_multimaster_msgs/msg/_package_SyncMasterInfo.lisp
Symlinking /home/itron/refactored-pancake/catkin_ws/devel/share/common-lisp/ros/fkie_multimaster_msgs/msg/LinkStatesStamped.lisp
Symlinking /home/itron/refactored-pancake/catkin_ws/devel/share/common-lisp/ros/fkie_multimaster_msgs/msg/fkie_multimaster_msgs-msg.asd
Symlinking /home/itron/refactored-pancake/catkin_ws/devel/share/common-lisp/ros/fkie_multimaster_msgs/msg/_package.lisp
Symlinking /home/itron/refactored-pancake/catkin_ws/devel/share/common-lisp/ros/fkie_multimaster_msgs/msg/SyncMasterInfo.lisp
Symlinking /home/itron/refactored-pancake/catkin_ws/devel/share/common-lisp/ros/fkie_multimaster_msgs/msg/_package_MasterState.lisp
Symlinking /home/itron/refactored-pancake/catkin_ws/devel/share/common-lisp/ros/fkie_multimaster_msgs/msg/LinkState.lisp
Symlinking /home/itron/refactored-pancake/catkin_ws/devel/share/common-lisp/ros/fkie_multimaster_msgs/msg/_package_ROSMaster.lisp
Symlinking /home/itron/refactored-pancake/catkin_ws/devel/share/common-lisp/ros/fkie_multimaster_msgs/srv/_package_DiscoverMasters.lisp
Symlinking /home/itron/refactored-pancake/catkin_ws/devel/share/common-lisp/ros/fkie_multimaster_msgs/srv/_package_GetSyncInfo.lisp
Symlinking /home/itron/refactored-pancake/catkin_ws/devel/share/common-lisp/ros/fkie_multimaster_msgs/srv/GetSyncInfo.lisp
Symlinking /home/itron/refactored-pancake/catkin_ws/devel/share/common-lisp/ros/fkie_multimaster_msgs/srv/_package_LoadLaunch.lisp
Symlinking /home/itron/refactored-pancake/catkin_ws/devel/share/common-lisp/ros/fkie_multimaster_msgs/srv/fkie_multimaster_msgs-srv.asd
Symlinking /home/itron/refactored-pancake/catkin_ws/devel/share/common-lisp/ros/fkie_multimaster_msgs/srv/LoadLaunch.lisp
Symlinking /home/itron/refactored-pancake/catkin_ws/devel/share/common-lisp/ros/fkie_multimaster_msgs/srv/DiscoverMasters.lisp
Symlinking /home/itron/refactored-pancake/catkin_ws/devel/share/common-lisp/ros/fkie_multimaster_msgs/srv/_package.lisp
Symlinking /home/itron/refactored-pancake/catkin_ws/devel/share/common-lisp/ros/fkie_multimaster_msgs/srv/_package_Task.lisp
Symlinking /home/itron/refactored-pancake/catkin_ws/devel/share/common-lisp/ros/fkie_multimaster_msgs/srv/Task.lisp
Symlinking /home/itron/refactored-pancake/catkin_ws/devel/share/roseus/ros/fkie_multimaster_msgs/manifest.l
Symlinking /home/itron/refactored-pancake/catkin_ws/devel/share/roseus/ros/fkie_multimaster_msgs/msg/ROSMaster.l
Symlinking /home/itron/refactored-pancake/catkin_ws/devel/share/roseus/ros/fkie_multimaster_msgs/msg/MasterState.l
Symlinking /home/itron/refactored-pancake/catkin_ws/devel/share/roseus/ros/fkie_multimaster_msgs/msg/LinkStatesStamped.l
Symlinking /home/itron/refactored-pancake/catkin_ws/devel/share/roseus/ros/fkie_multimaster_msgs/msg/LinkState.l
Symlinking /home/itron/refactored-pancake/catkin_ws/devel/share/roseus/ros/fkie_multimaster_msgs/msg/SyncTopicInfo.l
Symlinking /home/itron/refactored-pancake/catkin_ws/devel/share/roseus/ros/fkie_multimaster_msgs/msg/SyncServiceInfo.l
Symlinking /home/itron/refactored-pancake/catkin_ws/devel/share/roseus/ros/fkie_multimaster_msgs/msg/SyncMasterInfo.l
Symlinking /home/itron/refactored-pancake/catkin_ws/devel/share/roseus/ros/fkie_multimaster_msgs/srv/GetSyncInfo.l
Symlinking /home/itron/refactored-pancake/catkin_ws/devel/share/roseus/ros/fkie_multimaster_msgs/srv/Task.l
Symlinking /home/itron/refactored-pancake/catkin_ws/devel/share/roseus/ros/fkie_multimaster_msgs/srv/DiscoverMasters.l
Symlinking /home/itron/refactored-pancake/catkin_ws/devel/share/roseus/ros/fkie_multimaster_msgs/srv/LoadLaunch.l
Symlinking /home/itron/refactored-pancake/catkin_ws/devel/share/gennodejs/ros/fkie_multimaster_msgs/_index.js
Symlinking /home/itron/refactored-pancake/catkin_ws/devel/share/gennodejs/ros/fkie_multimaster_msgs/msg/LinkStatesStamped.js
Symlinking /home/itron/refactored-pancake/catkin_ws/devel/share/gennodejs/ros/fkie_multimaster_msgs/msg/LinkState.js
Symlinking /home/itron/refactored-pancake/catkin_ws/devel/share/gennodejs/ros/fkie_multimaster_msgs/msg/SyncMasterInfo.js
Symlinking /home/itron/refactored-pancake/catkin_ws/devel/share/gennodejs/ros/fkie_multimaster_msgs/msg/_index.js
Symlinking /home/itron/refactored-pancake/catkin_ws/devel/share/gennodejs/ros/fkie_multimaster_msgs/msg/SyncServiceInfo.js
Symlinking /home/itron/refactored-pancake/catkin_ws/devel/share/gennodejs/ros/fkie_multimaster_msgs/msg/MasterState.js
Symlinking /home/itron/refactored-pancake/catkin_ws/devel/share/gennodejs/ros/fkie_multimaster_msgs/msg/SyncTopicInfo.js
Symlinking /home/itron/refactored-pancake/catkin_ws/devel/share/gennodejs/ros/fkie_multimaster_msgs/msg/ROSMaster.js
Symlinking /home/itron/refactored-pancake/catkin_ws/devel/share/gennodejs/ros/fkie_multimaster_msgs/srv/GetSyncInfo.js
Symlinking /home/itron/refactored-pancake/catkin_ws/devel/share/gennodejs/ros/fkie_multimaster_msgs/srv/_index.js
Symlinking /home/itron/refactored-pancake/catkin_ws/devel/share/gennodejs/ros/fkie_multimaster_msgs/srv/Task.js
Symlinking /home/itron/refactored-pancake/catkin_ws/devel/share/gennodejs/ros/fkie_multimaster_msgs/srv/LoadLaunch.js
Symlinking /home/itron/refactored-pancake/catkin_ws/devel/share/gennodejs/ros/fkie_multimaster_msgs/srv/DiscoverMasters.js
Symlinking /home/itron/refactored-pancake/catkin_ws/devel/share/fkie_multimaster_msgs/cmake/fkie_multimaster_msgs-msg-extras.cmake
Symlinking /home/itron/refactored-pancake/catkin_ws/devel/share/fkie_multimaster_msgs/cmake/fkie_multimaster_msgsConfig.cmake
Symlinking /home/itron/refactored-pancake/catkin_ws/devel/share/fkie_multimaster_msgs/cmake/fkie_multimaster_msgs-msg-paths.cmake
Symlinking /home/itron/refactored-pancake/catkin_ws/devel/share/fkie_multimaster_msgs/cmake/fkie_multimaster_msgsConfig-version.cmake
Symlinking /home/itron/refactored-pancake/catkin_ws/devel/include/fkie_multimaster_msgs/TaskResponse.h
Symlinking /home/itron/refactored-pancake/catkin_ws/devel/include/fkie_multimaster_msgs/LinkStatesStamped.h
Symlinking /home/itron/refactored-pancake/catkin_ws/devel/include/fkie_multimaster_msgs/MasterState.h
Symlinking /home/itron/refactored-pancake/catkin_ws/devel/include/fkie_multimaster_msgs/SyncTopicInfo.h
Symlinking /home/itron/refactored-pancake/catkin_ws/devel/include/fkie_multimaster_msgs/LoadLaunchResponse.h
Symlinking /home/itron/refactored-pancake/catkin_ws/devel/include/fkie_multimaster_msgs/ROSMaster.h
Symlinking /home/itron/refactored-pancake/catkin_ws/devel/include/fkie_multimaster_msgs/DiscoverMastersResponse.h
Symlinking /home/itron/refactored-pancake/catkin_ws/devel/include/fkie_multimaster_msgs/DiscoverMastersRequest.h
Symlinking /home/itron/refactored-pancake/catkin_ws/devel/include/fkie_multimaster_msgs/GetSyncInfoResponse.h
Symlinking /home/itron/refactored-pancake/catkin_ws/devel/include/fkie_multimaster_msgs/LoadLaunch.h
Symlinking /home/itron/refactored-pancake/catkin_ws/devel/include/fkie_multimaster_msgs/TaskRequest.h
Symlinking /home/itron/refactored-pancake/catkin_ws/devel/include/fkie_multimaster_msgs/GetSyncInfoRequest.h
Symlinking /home/itron/refactored-pancake/catkin_ws/devel/include/fkie_multimaster_msgs/LinkState.h
Symlinking /home/itron/refactored-pancake/catkin_ws/devel/include/fkie_multimaster_msgs/LoadLaunchRequest.h
Symlinking /home/itron/refactored-pancake/catkin_ws/devel/include/fkie_multimaster_msgs/Task.h
Symlinking /home/itron/refactored-pancake/catkin_ws/devel/include/fkie_multimaster_msgs/SyncMasterInfo.h
Symlinking /home/itron/refactored-pancake/catkin_ws/devel/include/fkie_multimaster_msgs/DiscoverMasters.h
Symlinking /home/itron/refactored-pancake/catkin_ws/devel/include/fkie_multimaster_msgs/GetSyncInfo.h
Symlinking /home/itron/refactored-pancake/catkin_ws/devel/include/fkie_multimaster_msgs/SyncServiceInfo.h
